D:\WP\LABS\LAB#1\TEMP\WINMAIN.OBJ
D:\WP\LABS\LAB#1\TEMP\VC110.PDB
D:\WP\LABS\LAB#1\BUILD\DEBUG\WP_LAB1.ILK
D:\WP\LABS\LAB#1\BUILD\DEBUG\WP_LAB1.EXE
D:\WP\LABS\LAB#1\BUILD\DEBUG\WP_LAB1.PDB
D:\WP\Labs\lab#1\temp\winmain.obj
D:\WP\Labs\lab#1\temp\cl.command.1.tlog
D:\WP\Labs\lab#1\temp\CL.read.1.tlog
D:\WP\Labs\lab#1\temp\CL.write.1.tlog
D:\WP\Labs\lab#1\temp\link-cvtres.read.1.tlog
D:\WP\Labs\lab#1\temp\link-cvtres.write.1.tlog
D:\WP\Labs\lab#1\temp\link-rc.read.1.tlog
D:\WP\Labs\lab#1\temp\link-rc.write.1.tlog
D:\WP\Labs\lab#1\temp\link.command.1.tlog
D:\WP\Labs\lab#1\temp\link.read.1.tlog
D:\WP\Labs\lab#1\temp\link.write.1.tlog
D:\WP\Labs\lab#1\temp\vc110.idb
D:\WP\Labs\lab#1\temp\vc110.pdb
D:\WP\Labs\lab#1\source\..\build\Debug\WP_Lab1.pdb
D:\WP\Labs\lab#1\source\..\build\Debug\WP_Lab1.exe
D:\WP\Labs\lab#1\source\..\build\Debug\WP_Lab1.ilk
